<?xml version="1.0" encoding="UTF-8"?>
<testng-results skipped="0" failed="2" ignored="2" total="7" passed="3">
  <reporter-output>
  </reporter-output>
  <suite name="Suite" duration-ms="147471" started-at="2021-03-25T07:26:18 IST" finished-at="2021-03-25T07:28:45 IST">
    <groups>
      <group name="SmokeTest">
        <method signature="BookAFlightWithLowerPrice_TC.bookAFlightWithLowerPriceTC(java.lang.String,java.lang.String,java.lang.String,java.lang.String,java.lang.String,java.lang.String,java.lang.String,java.lang.String,java.lang.String,java.lang.String,java.lang.String,java.lang.String)[pri:0, instance:testcases.BookAFlightWithLowerPrice_TC@7ce6a65d]" name="bookAFlightWithLowerPriceTC" class="testcases.BookAFlightWithLowerPrice_TC"/>
        <method signature="Register_TC.register_TC(java.lang.String,java.lang.String,java.lang.String,java.lang.String,java.lang.String)[pri:0, instance:testcases.Register_TC@42d8062c]" name="register_TC" class="testcases.Register_TC"/>
        <method signature="ValidLogin_TC.validLogin_TC(java.lang.String,java.lang.String)[pri:0, instance:testcases.ValidLogin_TC@6043cd28]" name="validLogin_TC" class="testcases.ValidLogin_TC"/>
      </group> <!-- SmokeTest -->
    </groups>
    <test name="Test" duration-ms="147471" started-at="2021-03-25T07:26:18 IST" finished-at="2021-03-25T07:28:45 IST">
      <class name="testcases.Register_TC">
        <test-method status="PASS" signature="setUp(java.lang.String)[pri:0, instance:testcases.Register_TC@42d8062c]" name="setUp" is-config="true" duration-ms="9804" started-at="2021-03-25T07:27:10 IST" finished-at="2021-03-25T07:27:20 IST">
          <params>
            <param index="0">
              <value>
                <![CDATA[firefox]]>
              </value>
            </param>
          </params>
          <reporter-output>
          </reporter-output>
        </test-method> <!-- setUp -->
        <test-method status="FAIL" signature="register_TC(java.lang.String,java.lang.String,java.lang.String,java.lang.String,java.lang.String)[pri:0, instance:testcases.Register_TC@42d8062c]" name="register_TC" duration-ms="36333" started-at="2021-03-25T07:27:20 IST" data-provider="TestData" finished-at="2021-03-25T07:27:56 IST">
          <params>
            <param index="0">
              <value>
                <![CDATA[anil]]>
              </value>
            </param>
            <param index="1">
              <value>
                <![CDATA[logistics]]>
              </value>
            </param>
            <param index="2">
              <value>
                <![CDATA[ak-25-03-2021-07-27-10@gmail.com]]>
              </value>
            </param>
            <param index="3">
              <value>
                <![CDATA[123456]]>
              </value>
            </param>
            <param index="4">
              <value>
                <![CDATA[123456]]>
              </value>
            </param>
          </params>
          <exception class="java.lang.AssertionError">
            <message>
              <![CDATA[Verify User Home Page expected [true] but found [false]]]>
            </message>
            <full-stacktrace>
              <![CDATA[java.lang.AssertionError: Verify User Home Page expected [true] but found [false]
at org.testng.Assert.fail(Assert.java:99)
at org.testng.Assert.failNotEquals(Assert.java:1037)
at org.testng.Assert.assertTrue(Assert.java:45)
at testcases.Register_TC.register_TC(Register_TC.java:46)
at sun.reflect.NativeMethodAccessorImpl.invoke0(Native Method)
at sun.reflect.NativeMethodAccessorImpl.invoke(NativeMethodAccessorImpl.java:62)
at sun.reflect.DelegatingMethodAccessorImpl.invoke(DelegatingMethodAccessorImpl.java:43)
at java.lang.reflect.Method.invoke(Method.java:498)
at org.testng.internal.MethodInvocationHelper.invokeMethod(MethodInvocationHelper.java:133)
at org.testng.internal.TestInvoker.invokeMethod(TestInvoker.java:598)
at org.testng.internal.TestInvoker.invokeTestMethod(TestInvoker.java:173)
at org.testng.internal.MethodRunner.runInSequence(MethodRunner.java:46)
at org.testng.internal.TestInvoker$MethodInvocationAgent.invoke(TestInvoker.java:824)
at org.testng.internal.TestInvoker.invokeTestMethods(TestInvoker.java:146)
at org.testng.internal.TestMethodWorker.invokeTestMethods(TestMethodWorker.java:146)
at org.testng.internal.TestMethodWorker.run(TestMethodWorker.java:128)
at java.util.ArrayList.forEach(ArrayList.java:1257)
at org.testng.TestRunner.privateRun(TestRunner.java:794)
at org.testng.TestRunner.run(TestRunner.java:596)
at org.testng.SuiteRunner.runTest(SuiteRunner.java:377)
at org.testng.SuiteRunner.runSequentially(SuiteRunner.java:371)
at org.testng.SuiteRunner.privateRun(SuiteRunner.java:332)
at org.testng.SuiteRunner.run(SuiteRunner.java:276)
at org.testng.SuiteRunnerWorker.runSuite(SuiteRunnerWorker.java:53)
at org.testng.SuiteRunnerWorker.run(SuiteRunnerWorker.java:96)
at org.testng.TestNG.runSuitesSequentially(TestNG.java:1212)
at org.testng.TestNG.runSuitesLocally(TestNG.java:1134)
at org.testng.TestNG.runSuites(TestNG.java:1063)
at org.testng.TestNG.run(TestNG.java:1031)
at org.apache.maven.surefire.testng.TestNGExecutor.run(TestNGExecutor.java:284)
at org.apache.maven.surefire.testng.TestNGXmlTestSuite.execute(TestNGXmlTestSuite.java:75)
at org.apache.maven.surefire.testng.TestNGProvider.invoke(TestNGProvider.java:119)
at org.apache.maven.surefire.booter.ForkedBooter.runSuitesInProcess(ForkedBooter.java:428)
at org.apache.maven.surefire.booter.ForkedBooter.execute(ForkedBooter.java:162)
at org.apache.maven.surefire.booter.ForkedBooter.run(ForkedBooter.java:562)
at org.apache.maven.surefire.booter.ForkedBooter.main(ForkedBooter.java:548)
]]>
            </full-stacktrace>
          </exception> <!-- java.lang.AssertionError -->
          <reporter-output>
          </reporter-output>
        </test-method> <!-- register_TC -->
        <test-method status="PASS" signature="tearDown(org.testng.ITestResult)[pri:0, instance:testcases.Register_TC@42d8062c]" name="tearDown" is-config="true" duration-ms="1869" started-at="2021-03-25T07:27:56 IST" finished-at="2021-03-25T07:27:58 IST">
          <params>
            <param index="0">
              <value>
                <![CDATA[[TestResult name=register_TC status=FAILURE method=Register_TC.register_TC(java.lang.String,java.lang.String,java.lang.String,java.lang.String,java.lang.String)[pri:0, instance:testcases.Register_TC@42d8062c] output={null}]]]>
              </value>
            </param>
          </params>
          <reporter-output>
          </reporter-output>
        </test-method> <!-- tearDown -->
      </class> <!-- testcases.Register_TC -->
      <class name="testcases.BookAFlightWithLowerPrice_TC">
        <test-method status="PASS" signature="extentReportSetUp()[pri:0, instance:testcases.BookAFlightWithLowerPrice_TC@7ce6a65d]" name="extentReportSetUp" is-config="true" duration-ms="88" started-at="2021-03-25T07:26:18 IST" finished-at="2021-03-25T07:26:18 IST">
          <reporter-output>
          </reporter-output>
        </test-method> <!-- extentReportSetUp -->
        <test-method status="PASS" signature="setUp(java.lang.String)[pri:0, instance:testcases.BookAFlightWithLowerPrice_TC@7ce6a65d]" name="setUp" is-config="true" duration-ms="9355" started-at="2021-03-25T07:26:18 IST" finished-at="2021-03-25T07:26:28 IST">
          <params>
            <param index="0">
              <value>
                <![CDATA[firefox]]>
              </value>
            </param>
          </params>
          <reporter-output>
          </reporter-output>
        </test-method> <!-- setUp -->
        <test-method status="PASS" signature="bookAFlightWithLowerPriceTC(java.lang.String,java.lang.String,java.lang.String,java.lang.String,java.lang.String,java.lang.String,java.lang.String,java.lang.String,java.lang.String,java.lang.String,java.lang.String,java.lang.String)[pri:0, instance:testcases.BookAFlightWithLowerPrice_TC@7ce6a65d]" name="bookAFlightWithLowerPriceTC" duration-ms="7433" started-at="2021-03-25T07:26:28 IST" data-provider="TestData" finished-at="2021-03-25T07:26:35 IST">
          <params>
            <param index="0">
              <value>
                <![CDATA[Boston]]>
              </value>
            </param>
            <param index="1">
              <value>
                <![CDATA[London]]>
              </value>
            </param>
            <param index="2">
              <value>
                <![CDATA[Anil]]>
              </value>
            </param>
            <param index="3">
              <value>
                <![CDATA[Stree1]]>
              </value>
            </param>
            <param index="4">
              <value>
                <![CDATA[Newyork]]>
              </value>
            </param>
            <param index="5">
              <value>
                <![CDATA[California]]>
              </value>
            </param>
            <param index="6">
              <value>
                <![CDATA[12345]]>
              </value>
            </param>
            <param index="7">
              <value>
                <![CDATA[American Express]]>
              </value>
            </param>
            <param index="8">
              <value>
                <![CDATA[11111111]]>
              </value>
            </param>
            <param index="9">
              <value>
                <![CDATA[3]]>
              </value>
            </param>
            <param index="10">
              <value>
                <![CDATA[2021]]>
              </value>
            </param>
            <param index="11">
              <value>
                <![CDATA[Anil Kumar]]>
              </value>
            </param>
          </params>
          <reporter-output>
          </reporter-output>
        </test-method> <!-- bookAFlightWithLowerPriceTC -->
        <test-method status="PASS" signature="tearDown(org.testng.ITestResult)[pri:0, instance:testcases.BookAFlightWithLowerPrice_TC@7ce6a65d]" name="tearDown" is-config="true" duration-ms="2201" started-at="2021-03-25T07:26:35 IST" finished-at="2021-03-25T07:26:37 IST">
          <params>
            <param index="0">
              <value>
                <![CDATA[[TestResult name=bookAFlightWithLowerPriceTC status=SUCCESS method=BookAFlightWithLowerPrice_TC.bookAFlightWithLowerPriceTC(java.lang.String,java.lang.String,java.lang.String,java.lang.String,java.lang.String,java.lang.String,java.lang.String,java.lang.String,java.lang.String,java.lang.String,java.lang.String,java.lang.String)[pri:0, instance:testcases.BookAFlightWithLowerPrice_TC@7ce6a65d] output={null}]]]>
              </value>
            </param>
          </params>
          <reporter-output>
          </reporter-output>
        </test-method> <!-- tearDown -->
        <test-method status="PASS" signature="setUp(java.lang.String)[pri:0, instance:testcases.BookAFlightWithLowerPrice_TC@7ce6a65d]" name="setUp" is-config="true" duration-ms="7544" started-at="2021-03-25T07:26:37 IST" finished-at="2021-03-25T07:26:45 IST">
          <params>
            <param index="0">
              <value>
                <![CDATA[firefox]]>
              </value>
            </param>
          </params>
          <reporter-output>
          </reporter-output>
        </test-method> <!-- setUp -->
        <test-method status="PASS" signature="bookAFlightWithLowerPriceTC(java.lang.String,java.lang.String,java.lang.String,java.lang.String,java.lang.String,java.lang.String,java.lang.String,java.lang.String,java.lang.String,java.lang.String,java.lang.String,java.lang.String)[pri:0, instance:testcases.BookAFlightWithLowerPrice_TC@7ce6a65d]" name="bookAFlightWithLowerPriceTC" duration-ms="6883" started-at="2021-03-25T07:26:45 IST" data-provider="TestData" finished-at="2021-03-25T07:26:52 IST">
          <params>
            <param index="0">
              <value>
                <![CDATA[Portland]]>
              </value>
            </param>
            <param index="1">
              <value>
                <![CDATA[Rome]]>
              </value>
            </param>
            <param index="2">
              <value>
                <![CDATA[Sunil]]>
              </value>
            </param>
            <param index="3">
              <value>
                <![CDATA[Street2]]>
              </value>
            </param>
            <param index="4">
              <value>
                <![CDATA[carribean]]>
              </value>
            </param>
            <param index="5">
              <value>
                <![CDATA[Mumbai]]>
              </value>
            </param>
            <param index="6">
              <value>
                <![CDATA[12345]]>
              </value>
            </param>
            <param index="7">
              <value>
                <![CDATA[American Express]]>
              </value>
            </param>
            <param index="8">
              <value>
                <![CDATA[11111111]]>
              </value>
            </param>
            <param index="9">
              <value>
                <![CDATA[4]]>
              </value>
            </param>
            <param index="10">
              <value>
                <![CDATA[2021]]>
              </value>
            </param>
            <param index="11">
              <value>
                <![CDATA[Sunil Kumar]]>
              </value>
            </param>
          </params>
          <reporter-output>
          </reporter-output>
        </test-method> <!-- bookAFlightWithLowerPriceTC -->
        <test-method status="PASS" signature="tearDown(org.testng.ITestResult)[pri:0, instance:testcases.BookAFlightWithLowerPrice_TC@7ce6a65d]" name="tearDown" is-config="true" duration-ms="1600" started-at="2021-03-25T07:26:52 IST" finished-at="2021-03-25T07:26:53 IST">
          <params>
            <param index="0">
              <value>
                <![CDATA[[TestResult name=bookAFlightWithLowerPriceTC status=SUCCESS method=BookAFlightWithLowerPrice_TC.bookAFlightWithLowerPriceTC(java.lang.String,java.lang.String,java.lang.String,java.lang.String,java.lang.String,java.lang.String,java.lang.String,java.lang.String,java.lang.String,java.lang.String,java.lang.String,java.lang.String)[pri:0, instance:testcases.BookAFlightWithLowerPrice_TC@7ce6a65d] output={null}]]]>
              </value>
            </param>
          </params>
          <reporter-output>
          </reporter-output>
        </test-method> <!-- tearDown -->
        <test-method status="PASS" signature="setUp(java.lang.String)[pri:0, instance:testcases.BookAFlightWithLowerPrice_TC@7ce6a65d]" name="setUp" is-config="true" duration-ms="7996" started-at="2021-03-25T07:26:53 IST" finished-at="2021-03-25T07:27:01 IST">
          <params>
            <param index="0">
              <value>
                <![CDATA[firefox]]>
              </value>
            </param>
          </params>
          <reporter-output>
          </reporter-output>
        </test-method> <!-- setUp -->
        <test-method status="PASS" signature="bookAFlightWithLowerPriceTC(java.lang.String,java.lang.String,java.lang.String,java.lang.String,java.lang.String,java.lang.String,java.lang.String,java.lang.String,java.lang.String,java.lang.String,java.lang.String,java.lang.String)[pri:0, instance:testcases.BookAFlightWithLowerPrice_TC@7ce6a65d]" name="bookAFlightWithLowerPriceTC" duration-ms="6707" started-at="2021-03-25T07:27:01 IST" data-provider="TestData" finished-at="2021-03-25T07:27:08 IST">
          <params>
            <param index="0">
              <value>
                <![CDATA[Mexico City]]>
              </value>
            </param>
            <param index="1">
              <value>
                <![CDATA[Dublin]]>
              </value>
            </param>
            <param index="2">
              <value>
                <![CDATA[Sam]]>
              </value>
            </param>
            <param index="3">
              <value>
                <![CDATA[Street3]]>
              </value>
            </param>
            <param index="4">
              <value>
                <![CDATA[MG Road]]>
              </value>
            </param>
            <param index="5">
              <value>
                <![CDATA[Delhi]]>
              </value>
            </param>
            <param index="6">
              <value>
                <![CDATA[12345]]>
              </value>
            </param>
            <param index="7">
              <value>
                <![CDATA[American Express]]>
              </value>
            </param>
            <param index="8">
              <value>
                <![CDATA[11111111]]>
              </value>
            </param>
            <param index="9">
              <value>
                <![CDATA[5]]>
              </value>
            </param>
            <param index="10">
              <value>
                <![CDATA[2021]]>
              </value>
            </param>
            <param index="11">
              <value>
                <![CDATA[Sunil Kumar]]>
              </value>
            </param>
          </params>
          <reporter-output>
          </reporter-output>
        </test-method> <!-- bookAFlightWithLowerPriceTC -->
        <test-method status="PASS" signature="tearDown(org.testng.ITestResult)[pri:0, instance:testcases.BookAFlightWithLowerPrice_TC@7ce6a65d]" name="tearDown" is-config="true" duration-ms="1820" started-at="2021-03-25T07:27:08 IST" finished-at="2021-03-25T07:27:10 IST">
          <params>
            <param index="0">
              <value>
                <![CDATA[[TestResult name=bookAFlightWithLowerPriceTC status=SUCCESS method=BookAFlightWithLowerPrice_TC.bookAFlightWithLowerPriceTC(java.lang.String,java.lang.String,java.lang.String,java.lang.String,java.lang.String,java.lang.String,java.lang.String,java.lang.String,java.lang.String,java.lang.String,java.lang.String,java.lang.String)[pri:0, instance:testcases.BookAFlightWithLowerPrice_TC@7ce6a65d] output={null}]]]>
              </value>
            </param>
          </params>
          <reporter-output>
          </reporter-output>
        </test-method> <!-- tearDown -->
      </class> <!-- testcases.BookAFlightWithLowerPrice_TC -->
      <class name="testcases.ValidLogin_TC">
        <test-method status="PASS" signature="setUp(java.lang.String)[pri:0, instance:testcases.ValidLogin_TC@6043cd28]" name="setUp" is-config="true" duration-ms="9772" started-at="2021-03-25T07:27:58 IST" finished-at="2021-03-25T07:28:08 IST">
          <params>
            <param index="0">
              <value>
                <![CDATA[firefox]]>
              </value>
            </param>
          </params>
          <reporter-output>
          </reporter-output>
        </test-method> <!-- setUp -->
        <test-method status="FAIL" signature="validLogin_TC(java.lang.String,java.lang.String)[pri:0, instance:testcases.ValidLogin_TC@6043cd28]" name="validLogin_TC" duration-ms="35618" started-at="2021-03-25T07:28:08 IST" data-provider="TestData" finished-at="2021-03-25T07:28:43 IST">
          <params>
            <param index="0">
              <value>
                <![CDATA[ak-22-03-2021-06-26-06@gmail.com]]>
              </value>
            </param>
            <param index="1">
              <value>
                <![CDATA[123456]]>
              </value>
            </param>
          </params>
          <exception class="java.lang.AssertionError">
            <message>
              <![CDATA[Verify User Home Page expected [true] but found [false]]]>
            </message>
            <full-stacktrace>
              <![CDATA[java.lang.AssertionError: Verify User Home Page expected [true] but found [false]
at org.testng.Assert.fail(Assert.java:99)
at org.testng.Assert.failNotEquals(Assert.java:1037)
at org.testng.Assert.assertTrue(Assert.java:45)
at testcases.ValidLogin_TC.validLogin_TC(ValidLogin_TC.java:37)
at sun.reflect.NativeMethodAccessorImpl.invoke0(Native Method)
at sun.reflect.NativeMethodAccessorImpl.invoke(NativeMethodAccessorImpl.java:62)
at sun.reflect.DelegatingMethodAccessorImpl.invoke(DelegatingMethodAccessorImpl.java:43)
at java.lang.reflect.Method.invoke(Method.java:498)
at org.testng.internal.MethodInvocationHelper.invokeMethod(MethodInvocationHelper.java:133)
at org.testng.internal.TestInvoker.invokeMethod(TestInvoker.java:598)
at org.testng.internal.TestInvoker.invokeTestMethod(TestInvoker.java:173)
at org.testng.internal.MethodRunner.runInSequence(MethodRunner.java:46)
at org.testng.internal.TestInvoker$MethodInvocationAgent.invoke(TestInvoker.java:824)
at org.testng.internal.TestInvoker.invokeTestMethods(TestInvoker.java:146)
at org.testng.internal.TestMethodWorker.invokeTestMethods(TestMethodWorker.java:146)
at org.testng.internal.TestMethodWorker.run(TestMethodWorker.java:128)
at java.util.ArrayList.forEach(ArrayList.java:1257)
at org.testng.TestRunner.privateRun(TestRunner.java:794)
at org.testng.TestRunner.run(TestRunner.java:596)
at org.testng.SuiteRunner.runTest(SuiteRunner.java:377)
at org.testng.SuiteRunner.runSequentially(SuiteRunner.java:371)
at org.testng.SuiteRunner.privateRun(SuiteRunner.java:332)
at org.testng.SuiteRunner.run(SuiteRunner.java:276)
at org.testng.SuiteRunnerWorker.runSuite(SuiteRunnerWorker.java:53)
at org.testng.SuiteRunnerWorker.run(SuiteRunnerWorker.java:96)
at org.testng.TestNG.runSuitesSequentially(TestNG.java:1212)
at org.testng.TestNG.runSuitesLocally(TestNG.java:1134)
at org.testng.TestNG.runSuites(TestNG.java:1063)
at org.testng.TestNG.run(TestNG.java:1031)
at org.apache.maven.surefire.testng.TestNGExecutor.run(TestNGExecutor.java:284)
at org.apache.maven.surefire.testng.TestNGXmlTestSuite.execute(TestNGXmlTestSuite.java:75)
at org.apache.maven.surefire.testng.TestNGProvider.invoke(TestNGProvider.java:119)
at org.apache.maven.surefire.booter.ForkedBooter.runSuitesInProcess(ForkedBooter.java:428)
at org.apache.maven.surefire.booter.ForkedBooter.execute(ForkedBooter.java:162)
at org.apache.maven.surefire.booter.ForkedBooter.run(ForkedBooter.java:562)
at org.apache.maven.surefire.booter.ForkedBooter.main(ForkedBooter.java:548)
]]>
            </full-stacktrace>
          </exception> <!-- java.lang.AssertionError -->
          <reporter-output>
          </reporter-output>
        </test-method> <!-- validLogin_TC -->
        <test-method status="PASS" signature="tearDown(org.testng.ITestResult)[pri:0, instance:testcases.ValidLogin_TC@6043cd28]" name="tearDown" is-config="true" duration-ms="1857" started-at="2021-03-25T07:28:43 IST" finished-at="2021-03-25T07:28:45 IST">
          <params>
            <param index="0">
              <value>
                <![CDATA[[TestResult name=validLogin_TC status=FAILURE method=ValidLogin_TC.validLogin_TC(java.lang.String,java.lang.String)[pri:0, instance:testcases.ValidLogin_TC@6043cd28] output={null}]]]>
              </value>
            </param>
          </params>
          <reporter-output>
          </reporter-output>
        </test-method> <!-- tearDown -->
      </class> <!-- testcases.ValidLogin_TC -->
    </test> <!-- Test -->
  </suite> <!-- Suite -->
</testng-results>
